2023-09-06 12:43:09.315  INFO 10835 --- [restartedMain] com.epam.esm.Task2Application            : Starting Task2Application using Java 17.0.8.1 on stepan-ThinkPad-Edge-E530 with PID 10835 (/home/stepan/IdeaProjects/Task2/target/classes started by stepan in /home/stepan/IdeaProjects/Task2)
2023-09-06 12:43:09.334  INFO 10835 --- [restartedMain] com.epam.esm.Task2Application            : No active profile set, falling back to 1 default profile: "default"
2023-09-06 12:43:09.662  INFO 10835 --- [restartedMain] .e.DevToolsPropertyDefaultsPostProcessor : Devtools property defaults active! Set 'spring.devtools.add-properties' to 'false' to disable
2023-09-06 12:43:09.662  INFO 10835 --- [restartedMain] .e.DevToolsPropertyDefaultsPostProcessor : For additional web related logging consider setting the 'logging.level.web' property to 'DEBUG'
2023-09-06 12:43:50.650  INFO 10835 --- [restartedMain] o.s.b.w.embedded.tomcat.TomcatWebServer  : Tomcat initialized with port(s): 8082 (http)
2023-09-06 12:43:50.654  INFO 10835 --- [restartedMain] o.a.catalina.core.AprLifecycleListener   : Loaded Apache Tomcat Native library [1.2.31] using APR version [1.7.0].
2023-09-06 12:43:50.655  INFO 10835 --- [restartedMain] o.a.catalina.core.AprLifecycleListener   : APR capabilities: IPv6 [true], sendfile [true], accept filters [false], random [true], UDS [true].
2023-09-06 12:43:50.655  INFO 10835 --- [restartedMain] o.a.catalina.core.AprLifecycleListener   : APR/OpenSSL configuration: useAprConnector [false], useOpenSSL [true]
2023-09-06 12:43:50.683  INFO 10835 --- [restartedMain] o.a.catalina.core.AprLifecycleListener   : OpenSSL successfully initialized [OpenSSL 3.0.2 15 Mar 2022]
2023-09-06 12:43:50.718  INFO 10835 --- [restartedMain] o.apache.catalina.core.StandardService   : Starting service [Tomcat]
2023-09-06 12:43:50.719  INFO 10835 --- [restartedMain] org.apache.catalina.core.StandardEngine  : Starting Servlet engine: [Apache Tomcat/9.0.68]
2023-09-06 12:43:50.830  INFO 10835 --- [restartedMain] o.a.c.c.C.[Tomcat].[localhost].[/]       : Initializing Spring embedded WebApplicationContext
2023-09-06 12:43:50.831  INFO 10835 --- [restartedMain] w.s.c.ServletWebServerApplicationContext : Root WebApplicationContext: initialization completed in 41166 ms
2023-09-06 12:43:51.698  INFO 10835 --- [restartedMain] o.s.s.web.DefaultSecurityFilterChain     : Will secure any request with [org.springframework.security.web.session.DisableEncodeUrlFilter@144bf649, org.springframework.security.web.context.request.async.WebAsyncManagerIntegrationFilter@5f68c385, org.springframework.security.web.context.SecurityContextPersistenceFilter@5e15cf62, org.springframework.security.web.header.HeaderWriterFilter@7743c85a, org.springframework.security.web.authentication.logout.LogoutFilter@1932b195, com.epam.esm.security.JwtAuthenticationFilter@4dc0beed, org.springframework.security.web.savedrequest.RequestCacheAwareFilter@1ae5bfc3, org.springframework.security.web.servletapi.SecurityContextHolderAwareRequestFilter@7a51cb26, org.springframework.security.web.authentication.AnonymousAuthenticationFilter@55ee2bce, org.springframework.security.web.session.SessionManagementFilter@546e13c6, org.springframework.security.web.access.ExceptionTranslationFilter@43dcfe4e, org.springframework.security.web.access.intercept.FilterSecurityInterceptor@1db1ff54]
2023-09-06 12:43:51.978  INFO 10835 --- [restartedMain] o.s.b.d.a.OptionalLiveReloadServer       : LiveReload server is running on port 35729
2023-09-06 12:43:52.024  INFO 10835 --- [restartedMain] o.s.b.w.embedded.tomcat.TomcatWebServer  : Tomcat started on port(s): 8082 (http) with context path ''
2023-09-06 12:43:52.041  INFO 10835 --- [restartedMain] com.epam.esm.Task2Application            : Started Task2Application in 44.089 seconds (JVM running for 46.423)
2023-09-06 12:49:19.120  INFO 11735 --- [restartedMain] com.epam.esm.Task2Application            : Starting Task2Application using Java 17.0.8.1 on stepan-ThinkPad-Edge-E530 with PID 11735 (/home/stepan/IdeaProjects/Task2/target/classes started by stepan in /home/stepan/IdeaProjects/Task2)
2023-09-06 12:49:19.122  INFO 11735 --- [restartedMain] com.epam.esm.Task2Application            : No active profile set, falling back to 1 default profile: "default"
2023-09-06 12:49:19.296  INFO 11735 --- [restartedMain] .e.DevToolsPropertyDefaultsPostProcessor : Devtools property defaults active! Set 'spring.devtools.add-properties' to 'false' to disable
2023-09-06 12:49:19.299  INFO 11735 --- [restartedMain] .e.DevToolsPropertyDefaultsPostProcessor : For additional web related logging consider setting the 'logging.level.web' property to 'DEBUG'
2023-09-06 12:49:21.345  INFO 11735 --- [restartedMain] o.s.b.w.embedded.tomcat.TomcatWebServer  : Tomcat initialized with port(s): 8082 (http)
2023-09-06 12:49:21.347  INFO 11735 --- [restartedMain] o.a.catalina.core.AprLifecycleListener   : Loaded Apache Tomcat Native library [1.2.31] using APR version [1.7.0].
2023-09-06 12:49:21.348  INFO 11735 --- [restartedMain] o.a.catalina.core.AprLifecycleListener   : APR capabilities: IPv6 [true], sendfile [true], accept filters [false], random [true], UDS [true].
2023-09-06 12:49:21.348  INFO 11735 --- [restartedMain] o.a.catalina.core.AprLifecycleListener   : APR/OpenSSL configuration: useAprConnector [false], useOpenSSL [true]
2023-09-06 12:49:21.362  INFO 11735 --- [restartedMain] o.a.catalina.core.AprLifecycleListener   : OpenSSL successfully initialized [OpenSSL 3.0.2 15 Mar 2022]
2023-09-06 12:49:21.374  INFO 11735 --- [restartedMain] o.apache.catalina.core.StandardService   : Starting service [Tomcat]
2023-09-06 12:49:21.375  INFO 11735 --- [restartedMain] org.apache.catalina.core.StandardEngine  : Starting Servlet engine: [Apache Tomcat/9.0.68]
2023-09-06 12:49:21.452  INFO 11735 --- [restartedMain] o.a.c.c.C.[Tomcat].[localhost].[/]       : Initializing Spring embedded WebApplicationContext
2023-09-06 12:49:21.454  INFO 11735 --- [restartedMain] w.s.c.ServletWebServerApplicationContext : Root WebApplicationContext: initialization completed in 2154 ms
2023-09-06 12:49:22.228  INFO 11735 --- [restartedMain] o.s.s.web.DefaultSecurityFilterChain     : Will secure any request with [org.springframework.security.web.session.DisableEncodeUrlFilter@398433e4, org.springframework.security.web.context.request.async.WebAsyncManagerIntegrationFilter@597d547e, org.springframework.security.web.context.SecurityContextPersistenceFilter@73f3ced5, org.springframework.security.web.header.HeaderWriterFilter@55328232, org.springframework.security.web.authentication.logout.LogoutFilter@5ed5b85, com.epam.esm.security.JwtAuthenticationFilter@7e846831, org.springframework.security.web.savedrequest.RequestCacheAwareFilter@23c2f691, org.springframework.security.web.servletapi.SecurityContextHolderAwareRequestFilter@60fdf61e, org.springframework.security.web.authentication.AnonymousAuthenticationFilter@575a0100, org.springframework.security.web.session.SessionManagementFilter@42e2a3a8, org.springframework.security.web.access.ExceptionTranslationFilter@4aa39cd1, org.springframework.security.web.access.intercept.FilterSecurityInterceptor@ec3163c]
2023-09-06 12:49:22.501  INFO 11735 --- [restartedMain] o.s.b.d.a.OptionalLiveReloadServer       : LiveReload server is running on port 35729
2023-09-06 12:49:22.558  INFO 11735 --- [restartedMain] o.s.b.w.embedded.tomcat.TomcatWebServer  : Tomcat started on port(s): 8082 (http) with context path ''
2023-09-06 12:49:22.577  INFO 11735 --- [restartedMain] com.epam.esm.Task2Application            : Started Task2Application in 4.316 seconds (JVM running for 5.783)
2023-09-06 12:50:10.559  INFO 11735 --- [http-nio-8082-exec-1] o.a.c.c.C.[Tomcat].[localhost].[/]       : Initializing Spring DispatcherServlet 'dispatcherServlet'
2023-09-06 12:50:10.560  INFO 11735 --- [http-nio-8082-exec-1] o.s.web.servlet.DispatcherServlet        : Initializing Servlet 'dispatcherServlet'
2023-09-06 12:50:10.564  INFO 11735 --- [http-nio-8082-exec-1] o.s.web.servlet.DispatcherServlet        : Completed initialization in 2 ms
2023-09-06 12:50:10.617  WARN 11735 --- [http-nio-8082-exec-1] o.s.web.servlet.PageNotFound             : No mapping for GET /Task2/
2023-09-06 12:50:11.195  WARN 11735 --- [http-nio-8082-exec-2] o.s.web.servlet.PageNotFound             : No mapping for GET /favicon.ico
